[2021-04-28 15:25:27.603] [exthost] [info] extension host started
[2021-04-28 15:25:27.628] [exthost] [info] ExtensionService#_doActivateExtension vscode.debug-auto-launch {"startup":true,"extensionId":{"value":"vscode.debug-auto-launch","_lower":"vscode.debug-auto-launch"},"activationEvent":"*"}
[2021-04-28 15:25:27.628] [exthost] [info] ExtensionService#loadCommonJSModule file:///home/earnshr/.vscode-server/bin/08a217c4d27a02a5bcde898fd7981bda5b49391b/extensions/debug-auto-launch/dist/extension
[2021-04-28 15:25:27.633] [exthost] [info] ExtensionService#_doActivateExtension vscode.git {"startup":true,"extensionId":{"value":"vscode.github","_lower":"vscode.github"},"activationEvent":"*"}
[2021-04-28 15:25:27.633] [exthost] [info] ExtensionService#loadCommonJSModule file:///home/earnshr/.vscode-server/bin/08a217c4d27a02a5bcde898fd7981bda5b49391b/extensions/git/dist/main
[2021-04-28 15:25:27.757] [exthost] [info] ExtensionService#_doActivateExtension vscode.github {"startup":true,"extensionId":{"value":"vscode.github","_lower":"vscode.github"},"activationEvent":"*"}
[2021-04-28 15:25:27.757] [exthost] [info] ExtensionService#loadCommonJSModule file:///home/earnshr/.vscode-server/bin/08a217c4d27a02a5bcde898fd7981bda5b49391b/extensions/github/dist/extension.js
[2021-04-28 15:25:27.834] [exthost] [info] ExtensionService#_doActivateExtension vscode.emmet {"startup":false,"extensionId":{"value":"vscode.emmet","_lower":"vscode.emmet"},"activationEvent":"onStartupFinished"}
[2021-04-28 15:25:27.835] [exthost] [info] ExtensionService#loadCommonJSModule file:///home/earnshr/.vscode-server/bin/08a217c4d27a02a5bcde898fd7981bda5b49391b/extensions/emmet/dist/node/emmetNodeMain
[2021-04-28 15:25:27.849] [exthost] [info] ExtensionService#_doActivateExtension vscode.merge-conflict {"startup":false,"extensionId":{"value":"vscode.merge-conflict","_lower":"vscode.merge-conflict"},"activationEvent":"onStartupFinished"}
[2021-04-28 15:25:27.849] [exthost] [info] ExtensionService#loadCommonJSModule file:///home/earnshr/.vscode-server/bin/08a217c4d27a02a5bcde898fd7981bda5b49391b/extensions/merge-conflict/dist/mergeConflictMain
[2021-04-28 15:25:27.852] [exthost] [info] ExtensionService#_doActivateExtension vscode.testing-editor-contributions {"startup":false,"extensionId":{"value":"vscode.testing-editor-contributions","_lower":"vscode.testing-editor-contributions"},"activationEvent":"onStartupFinished"}
[2021-04-28 15:25:27.853] [exthost] [info] ExtensionService#loadCommonJSModule file:///home/earnshr/.vscode-server/bin/08a217c4d27a02a5bcde898fd7981bda5b49391b/extensions/testing-editor-contributions/dist/extension.js
[2021-04-28 15:25:27.854] [exthost] [info] eager extensions activated
[2021-04-28 15:25:27.862] [exthost] [info] ExtensionService#_doActivateExtension ms-vscode.js-debug {"startup":false,"extensionId":{"value":"ms-vscode.js-debug","_lower":"ms-vscode.js-debug"},"activationEvent":"onCommand:extension.js-debug.clearAutoAttachVariables"}
[2021-04-28 15:25:27.863] [exthost] [info] ExtensionService#loadCommonJSModule file:///home/earnshr/.vscode-server/bin/08a217c4d27a02a5bcde898fd7981bda5b49391b/extensions/ms-vscode.js-debug/src/extension.js
[2021-04-28 15:57:04.389] [exthost] [info] ExtensionService#_doActivateExtension vscode.html-language-features {"startup":false,"extensionId":{"value":"vscode.html-language-features","_lower":"vscode.html-language-features"},"activationEvent":"onLanguage:html"}
[2021-04-28 15:57:04.389] [exthost] [info] ExtensionService#loadCommonJSModule file:///home/earnshr/.vscode-server/bin/08a217c4d27a02a5bcde898fd7981bda5b49391b/extensions/html-language-features/client/dist/node/htmlClientMain
[2021-04-28 17:20:31.738] [exthost] [info] ExtensionService#_doActivateExtension ms-vscode.references-view {"startup":false,"extensionId":{"value":"ms-vscode.references-view","_lower":"ms-vscode.references-view"},"activationEvent":"onCommand:references-view.findReferences"}
[2021-04-28 17:20:31.738] [exthost] [info] ExtensionService#loadCommonJSModule file:///home/earnshr/.vscode-server/bin/08a217c4d27a02a5bcde898fd7981bda5b49391b/extensions/ms-vscode.references-view/dist/extension
[2021-04-28 17:21:57.530] [exthost] [info] ExtensionService#_doActivateExtension vscode.extension-editing {"startup":false,"extensionId":{"value":"vscode.extension-editing","_lower":"vscode.extension-editing"},"activationEvent":"onLanguage:markdown"}
[2021-04-28 17:21:57.530] [exthost] [info] ExtensionService#loadCommonJSModule file:///home/earnshr/.vscode-server/bin/08a217c4d27a02a5bcde898fd7981bda5b49391b/extensions/extension-editing/dist/extensionEditingMain
[2021-04-28 17:21:57.560] [exthost] [info] ExtensionService#_doActivateExtension vscode.markdown-language-features {"startup":false,"extensionId":{"value":"vscode.markdown-language-features","_lower":"vscode.markdown-language-features"},"activationEvent":"onLanguage:markdown"}
[2021-04-28 17:21:57.561] [exthost] [info] ExtensionService#loadCommonJSModule file:///home/earnshr/.vscode-server/bin/08a217c4d27a02a5bcde898fd7981bda5b49391b/extensions/markdown-language-features/dist/extension
[2021-04-28 18:06:54.147] [exthost] [info] ExtensionService#_doActivateExtension ms-vscode.node-debug2 {"startup":false,"extensionId":{"value":"ms-vscode.node-debug","_lower":"ms-vscode.node-debug"},"activationEvent":"onDebugInitialConfigurations"}
[2021-04-28 18:06:54.148] [exthost] [info] ExtensionService#loadCommonJSModule file:///home/earnshr/.vscode-server/bin/08a217c4d27a02a5bcde898fd7981bda5b49391b/extensions/ms-vscode.node-debug2/out/src/extension
[2021-04-28 18:06:54.162] [exthost] [info] ExtensionService#_doActivateExtension ms-vscode.node-debug {"startup":false,"extensionId":{"value":"ms-vscode.node-debug","_lower":"ms-vscode.node-debug"},"activationEvent":"onDebugInitialConfigurations"}
[2021-04-28 18:06:54.162] [exthost] [info] ExtensionService#loadCommonJSModule file:///home/earnshr/.vscode-server/bin/08a217c4d27a02a5bcde898fd7981bda5b49391b/extensions/ms-vscode.node-debug/dist/extension.js
[2021-04-28 18:06:54.208] [exthost] [info] ExtensionService#_doActivateExtension vscode.debug-server-ready {"startup":false,"extensionId":{"value":"vscode.debug-server-ready","_lower":"vscode.debug-server-ready"},"activationEvent":"onDebugResolve"}
[2021-04-28 18:06:54.208] [exthost] [info] ExtensionService#loadCommonJSModule file:///home/earnshr/.vscode-server/bin/08a217c4d27a02a5bcde898fd7981bda5b49391b/extensions/debug-server-ready/dist/extension
