[2021-04-12 18:24:05.869] [exthost] [info] extension host started
[2021-04-12 18:24:05.904] [exthost] [info] ExtensionService#_doActivateExtension vscode.debug-auto-launch {"startup":true,"extensionId":{"value":"vscode.debug-auto-launch","_lower":"vscode.debug-auto-launch"},"activationEvent":"*"}
[2021-04-12 18:24:05.904] [exthost] [info] ExtensionService#loadCommonJSModule file:///home/earnshr/.vscode-server/bin/2b9aebd5354a3629c3aba0a5f5df49f43d6689f8/extensions/debug-auto-launch/dist/extension
[2021-04-12 18:24:05.917] [exthost] [info] ExtensionService#_doActivateExtension vscode.git {"startup":true,"extensionId":{"value":"vscode.github","_lower":"vscode.github"},"activationEvent":"*"}
[2021-04-12 18:24:05.917] [exthost] [info] ExtensionService#loadCommonJSModule file:///home/earnshr/.vscode-server/bin/2b9aebd5354a3629c3aba0a5f5df49f43d6689f8/extensions/git/dist/main
[2021-04-12 18:24:05.984] [exthost] [info] ExtensionService#_doActivateExtension vscode.npm {"startup":true,"extensionId":{"value":"vscode.npm","_lower":"vscode.npm"},"activationEvent":"workspaceContains:package.json"}
[2021-04-12 18:24:05.985] [exthost] [info] ExtensionService#loadCommonJSModule file:///home/earnshr/.vscode-server/bin/2b9aebd5354a3629c3aba0a5f5df49f43d6689f8/extensions/npm/dist/npmMain
[2021-04-12 18:24:06.195] [exthost] [info] ExtensionService#_doActivateExtension vscode.github {"startup":true,"extensionId":{"value":"vscode.github","_lower":"vscode.github"},"activationEvent":"*"}
[2021-04-12 18:24:06.195] [exthost] [info] ExtensionService#loadCommonJSModule file:///home/earnshr/.vscode-server/bin/2b9aebd5354a3629c3aba0a5f5df49f43d6689f8/extensions/github/dist/extension.js
[2021-04-12 18:24:06.305] [exthost] [info] ExtensionService#_doActivateExtension vscode.emmet {"startup":false,"extensionId":{"value":"vscode.emmet","_lower":"vscode.emmet"},"activationEvent":"onStartupFinished"}
[2021-04-12 18:24:06.305] [exthost] [info] ExtensionService#loadCommonJSModule file:///home/earnshr/.vscode-server/bin/2b9aebd5354a3629c3aba0a5f5df49f43d6689f8/extensions/emmet/dist/node/emmetNodeMain
[2021-04-12 18:24:06.324] [exthost] [info] ExtensionService#_doActivateExtension vscode.merge-conflict {"startup":false,"extensionId":{"value":"vscode.merge-conflict","_lower":"vscode.merge-conflict"},"activationEvent":"onStartupFinished"}
[2021-04-12 18:24:06.324] [exthost] [info] ExtensionService#loadCommonJSModule file:///home/earnshr/.vscode-server/bin/2b9aebd5354a3629c3aba0a5f5df49f43d6689f8/extensions/merge-conflict/dist/mergeConflictMain
[2021-04-12 18:24:06.332] [exthost] [info] ExtensionService#_doActivateExtension vscode.testing-editor-contributions {"startup":false,"extensionId":{"value":"vscode.testing-editor-contributions","_lower":"vscode.testing-editor-contributions"},"activationEvent":"onStartupFinished"}
[2021-04-12 18:24:06.332] [exthost] [info] ExtensionService#loadCommonJSModule file:///home/earnshr/.vscode-server/bin/2b9aebd5354a3629c3aba0a5f5df49f43d6689f8/extensions/testing-editor-contributions/dist/extension.js
[2021-04-12 18:24:06.334] [exthost] [info] eager extensions activated
[2021-04-12 18:24:06.342] [exthost] [info] ExtensionService#_doActivateExtension ms-vscode.js-debug {"startup":false,"extensionId":{"value":"ms-vscode.js-debug","_lower":"ms-vscode.js-debug"},"activationEvent":"onCommand:extension.js-debug.clearAutoAttachVariables"}
[2021-04-12 18:24:06.342] [exthost] [info] ExtensionService#loadCommonJSModule file:///home/earnshr/.vscode-server/bin/2b9aebd5354a3629c3aba0a5f5df49f43d6689f8/extensions/ms-vscode.js-debug/src/extension.js
[2021-04-12 18:28:25.537] [exthost] [info] ExtensionService#_doActivateExtension vscode.typescript-language-features {"startup":false,"extensionId":{"value":"vscode.typescript-language-features","_lower":"vscode.typescript-language-features"},"activationEvent":"onLanguage:javascript"}
[2021-04-12 18:28:25.538] [exthost] [info] ExtensionService#loadCommonJSModule file:///home/earnshr/.vscode-server/bin/2b9aebd5354a3629c3aba0a5f5df49f43d6689f8/extensions/typescript-language-features/dist/extension
[2021-04-12 18:28:31.889] [exthost] [info] ExtensionService#_doActivateExtension vscode.extension-editing {"startup":false,"extensionId":{"value":"vscode.extension-editing","_lower":"vscode.extension-editing"},"activationEvent":"onLanguage:markdown"}
[2021-04-12 18:28:31.890] [exthost] [info] ExtensionService#loadCommonJSModule file:///home/earnshr/.vscode-server/bin/2b9aebd5354a3629c3aba0a5f5df49f43d6689f8/extensions/extension-editing/dist/extensionEditingMain
[2021-04-12 18:28:31.917] [exthost] [info] ExtensionService#_doActivateExtension vscode.markdown-language-features {"startup":false,"extensionId":{"value":"vscode.markdown-language-features","_lower":"vscode.markdown-language-features"},"activationEvent":"onLanguage:markdown"}
[2021-04-12 18:28:31.917] [exthost] [info] ExtensionService#loadCommonJSModule file:///home/earnshr/.vscode-server/bin/2b9aebd5354a3629c3aba0a5f5df49f43d6689f8/extensions/markdown-language-features/dist/extension
[2021-04-12 18:28:37.582] [exthost] [info] ExtensionService#_doActivateExtension vscode.configuration-editing {"startup":false,"extensionId":{"value":"vscode.configuration-editing","_lower":"vscode.configuration-editing"},"activationEvent":"onLanguage:json"}
[2021-04-12 18:28:37.582] [exthost] [info] ExtensionService#loadCommonJSModule file:///home/earnshr/.vscode-server/bin/2b9aebd5354a3629c3aba0a5f5df49f43d6689f8/extensions/configuration-editing/dist/configurationEditingMain
[2021-04-12 18:28:37.594] [exthost] [info] ExtensionService#_doActivateExtension vscode.json-language-features {"startup":false,"extensionId":{"value":"vscode.json-language-features","_lower":"vscode.json-language-features"},"activationEvent":"onLanguage:json"}
[2021-04-12 18:28:37.594] [exthost] [info] ExtensionService#loadCommonJSModule file:///home/earnshr/.vscode-server/bin/2b9aebd5354a3629c3aba0a5f5df49f43d6689f8/extensions/json-language-features/client/dist/node/jsonClientMain
[2021-04-12 18:42:35.887] [exthost] [info] extension host terminating: received terminate message from renderer
[2021-04-12 18:42:36.908] [exthost] [info] exiting with code 0
